<?xml version="1.0" encoding="UTF-8"?>
<testsuite xmlns:xsi="http://www.w3.org/2001/XMLSchema-instance" xsi:noNamespaceSchemaLocation="https://maven.apache.org/surefire/maven-failsafe-plugin/xsd/failsafe-test-report.xsd" version="3.0.1" name="com.example.fxdeals.integration.DealsApiIT" time="8.252" tests="1" errors="1" skipped="0" failures="0">
  <properties>
[...]
</properties>
  <testcase name="" classname="com.example.fxdeals.integration.DealsApiIT" time="8.252">
    <error message="Failed to find merged annotation for @org.springframework.test.context.BootstrapWith(org.springframework.boot.test.context.SpringBootTestContextBootstrapper.class)" type="java.lang.IllegalStateException"><![CDATA[java.lang.IllegalStateException: Failed to find merged annotation for @org.springframework.test.context.BootstrapWith(org.springframework.boot.test.context.SpringBootTestContextBootstrapper.class)
	at org.springframework.util.Assert.state(Assert.java:97)
	at org.springframework.test.context.TestContextAnnotationUtils$AnnotationDescriptor.<init>(TestContextAnnotationUtils.java:520)
	at org.springframework.test.context.TestContextAnnotationUtils.findAnnotationDescriptor(TestContextAnnotationUtils.java:259)
	at org.springframework.test.context.TestContextAnnotationUtils.findAnnotationDescriptor(TestContextAnnotationUtils.java:221)
	at org.springframework.test.context.BootstrapUtils.resolveExplicitTestContextBootstrapper(BootstrapUtils.java:175)
	at org.springframework.test.context.BootstrapUtils.resolveTestContextBootstrapper(BootstrapUtils.java:150)
	at org.springframework.test.context.BootstrapUtils.resolveTestContextBootstrapper(BootstrapUtils.java:126)
	at org.springframework.test.context.TestContextManager.<init>(TestContextManager.java:126)
	at org.springframework.test.context.junit.jupiter.SpringExtension.getTestContextManager(SpringExtension.java:366)
	at org.springframework.test.context.junit.jupiter.SpringExtension.beforeAll(SpringExtension.java:131)
	at java.base/java.util.ArrayList.forEach(ArrayList.java:1596)
]]></error>
    <system-out><![CDATA[18:34:38.836 [main] INFO org.testcontainers.dockerclient.DockerClientProviderStrategy -- Found Docker environment with local Unix socket (unix:///var/run/docker.sock)
18:34:38.849 [main] INFO org.testcontainers.DockerClientFactory -- Docker host IP address is localhost
18:34:38.875 [main] INFO org.testcontainers.DockerClientFactory -- Connected to docker: 
  Server Version: 28.0.4
  API Version: 1.48
  Operating System: Ubuntu 24.04.3 LTS
  Total Memory: 15995 MB
18:34:38.892 [main] INFO org.testcontainers.images.PullPolicy -- Image pull policy will be performed by: DefaultPullPolicy()
18:34:38.894 [main] INFO org.testcontainers.utility.ImageNameSubstitutor -- Image name substitution will be performed by: DefaultImageNameSubstitutor (composite of 'ConfigurationFileImageNameSubstitutor' and 'PrefixingImageNameSubstitutor')
18:34:38.933 [main] INFO tc.testcontainers/ryuk:0.7.0 -- Pulling docker image: testcontainers/ryuk:0.7.0. Please be patient; this may take some time but only needs to be done once.
18:34:39.521 [docker-java-stream-548174466] INFO tc.testcontainers/ryuk:0.7.0 -- Starting to pull image
18:34:39.551 [docker-java-stream-548174466] INFO tc.testcontainers/ryuk:0.7.0 -- Pulling image layers:  0 pending,  0 downloaded,  0 extracted, (0 bytes/0 bytes)
18:34:39.895 [docker-java-stream-548174466] INFO tc.testcontainers/ryuk:0.7.0 -- Pulling image layers:  2 pending,  1 downloaded,  0 extracted, (307 KB/? MB)
18:34:39.931 [docker-java-stream-548174466] INFO tc.testcontainers/ryuk:0.7.0 -- Pulling image layers:  1 pending,  2 downloaded,  0 extracted, (341 KB/? MB)
18:34:40.039 [docker-java-stream-548174466] INFO tc.testcontainers/ryuk:0.7.0 -- Pulling image layers:  0 pending,  3 downloaded,  0 extracted, (2 MB/6 MB)
18:34:40.142 [docker-java-stream-548174466] INFO tc.testcontainers/ryuk:0.7.0 -- Pulling image layers:  0 pending,  3 downloaded,  1 extracted, (3 MB/6 MB)
18:34:40.282 [docker-java-stream-548174466] INFO tc.testcontainers/ryuk:0.7.0 -- Pulling image layers:  0 pending,  3 downloaded,  2 extracted, (3 MB/6 MB)
18:34:40.331 [docker-java-stream-548174466] INFO tc.testcontainers/ryuk:0.7.0 -- Pulling image layers:  0 pending,  3 downloaded,  3 extracted, (6 MB/6 MB)
18:34:40.337 [main] INFO tc.testcontainers/ryuk:0.7.0 -- Image testcontainers/ryuk:0.7.0 pull took PT1.403867814S
18:34:40.376 [main] INFO tc.testcontainers/ryuk:0.7.0 -- Creating container for image: testcontainers/ryuk:0.7.0
18:34:40.486 [main] INFO tc.testcontainers/ryuk:0.7.0 -- Container testcontainers/ryuk:0.7.0 is starting: cf2ec5d69cab96ed0bbb13694f03bb0514965fc3f662bd13699194610a1ed044
18:34:40.921 [main] INFO tc.testcontainers/ryuk:0.7.0 -- Container testcontainers/ryuk:0.7.0 started in PT0.545632451S
18:34:40.927 [main] INFO org.testcontainers.utility.RyukResourceReaper -- Ryuk started - will monitor and terminate Testcontainers containers on JVM exit
18:34:40.927 [main] INFO org.testcontainers.DockerClientFactory -- Checking the system...
18:34:40.928 [main] INFO org.testcontainers.DockerClientFactory -- ✔︎ Docker server version should be at least 1.6.0
18:34:40.955 [main] INFO tc.postgres:16.4 -- Pulling docker image: postgres:16.4. Please be patient; this may take some time but only needs to be done once.
18:34:41.548 [docker-java-stream--2028942823] INFO tc.postgres:16.4 -- Starting to pull image
18:34:41.549 [docker-java-stream--2028942823] INFO tc.postgres:16.4 -- Pulling image layers:  0 pending,  0 downloaded,  0 extracted, (0 bytes/0 bytes)
18:34:41.877 [docker-java-stream--2028942823] INFO tc.postgres:16.4 -- Pulling image layers: 13 pending,  1 downloaded,  0 extracted, (1 KB/? MB)
18:34:42.017 [docker-java-stream--2028942823] INFO tc.postgres:16.4 -- Pulling image layers: 12 pending,  2 downloaded,  0 extracted, (4 MB/? MB)
18:34:42.120 [docker-java-stream--2028942823] INFO tc.postgres:16.4 -- Pulling image layers: 11 pending,  3 downloaded,  0 extracted, (11 MB/? MB)
18:34:42.153 [docker-java-stream--2028942823] INFO tc.postgres:16.4 -- Pulling image layers: 10 pending,  4 downloaded,  0 extracted, (30 MB/? MB)
18:34:42.394 [docker-java-stream--2028942823] INFO tc.postgres:16.4 -- Pulling image layers:  9 pending,  5 downloaded,  0 extracted, (33 MB/? MB)
18:34:42.404 [docker-java-stream--2028942823] INFO tc.postgres:16.4 -- Pulling image layers:  8 pending,  6 downloaded,  0 extracted, (33 MB/? MB)
18:34:42.548 [docker-java-stream--2028942823] INFO tc.postgres:16.4 -- Pulling image layers:  7 pending,  7 downloaded,  0 extracted, (36 MB/? MB)
18:34:42.571 [docker-java-stream--2028942823] INFO tc.postgres:16.4 -- Pulling image layers:  6 pending,  8 downloaded,  0 extracted, (36 MB/? MB)
18:34:42.722 [docker-java-stream--2028942823] INFO tc.postgres:16.4 -- Pulling image layers:  5 pending,  9 downloaded,  0 extracted, (36 MB/? MB)
18:34:42.747 [docker-java-stream--2028942823] INFO tc.postgres:16.4 -- Pulling image layers:  4 pending, 10 downloaded,  0 extracted, (36 MB/? MB)
18:34:42.925 [docker-java-stream--2028942823] INFO tc.postgres:16.4 -- Pulling image layers:  3 pending, 11 downloaded,  0 extracted, (46 MB/? MB)
18:34:42.956 [docker-java-stream--2028942823] INFO tc.postgres:16.4 -- Pulling image layers:  2 pending, 12 downloaded,  0 extracted, (46 MB/? MB)
18:34:43.106 [docker-java-stream--2028942823] INFO tc.postgres:16.4 -- Pulling image layers:  1 pending, 13 downloaded,  0 extracted, (50 MB/? MB)
18:34:43.266 [docker-java-stream--2028942823] INFO tc.postgres:16.4 -- Pulling image layers:  1 pending, 13 downloaded,  1 extracted, (62 MB/? MB)
18:34:43.370 [docker-java-stream--2028942823] INFO tc.postgres:16.4 -- Pulling image layers:  1 pending, 13 downloaded,  2 extracted, (65 MB/? MB)
18:34:43.502 [docker-java-stream--2028942823] INFO tc.postgres:16.4 -- Pulling image layers:  1 pending, 13 downloaded,  3 extracted, (70 MB/? MB)
18:34:43.545 [docker-java-stream--2028942823] INFO tc.postgres:16.4 -- Pulling image layers:  1 pending, 13 downloaded,  4 extracted, (76 MB/? MB)
18:34:43.850 [docker-java-stream--2028942823] INFO tc.postgres:16.4 -- Pulling image layers:  1 pending, 13 downloaded,  5 extracted, (90 MB/? MB)
18:34:43.923 [docker-java-stream--2028942823] INFO tc.postgres:16.4 -- Pulling image layers:  1 pending, 13 downloaded,  6 extracted, (95 MB/? MB)
18:34:43.932 [docker-java-stream--2028942823] INFO tc.postgres:16.4 -- Pulling image layers:  1 pending, 13 downloaded,  7 extracted, (95 MB/? MB)
18:34:43.942 [docker-java-stream--2028942823] INFO tc.postgres:16.4 -- Pulling image layers:  1 pending, 13 downloaded,  8 extracted, (95 MB/? MB)
18:34:44.827 [docker-java-stream--2028942823] INFO tc.postgres:16.4 -- Pulling image layers:  0 pending, 14 downloaded,  8 extracted, (144 MB/146 MB)
18:34:47.682 [docker-java-stream--2028942823] INFO tc.postgres:16.4 -- Pulling image layers:  0 pending, 14 downloaded,  9 extracted, (146 MB/146 MB)
18:34:47.699 [docker-java-stream--2028942823] INFO tc.postgres:16.4 -- Pulling image layers:  0 pending, 14 downloaded, 10 extracted, (146 MB/146 MB)
18:34:47.711 [docker-java-stream--2028942823] INFO tc.postgres:16.4 -- Pulling image layers:  0 pending, 14 downloaded, 11 extracted, (146 MB/146 MB)
18:34:47.720 [docker-java-stream--2028942823] INFO tc.postgres:16.4 -- Pulling image layers:  0 pending, 14 downloaded, 12 extracted, (146 MB/146 MB)
18:34:47.730 [docker-java-stream--2028942823] INFO tc.postgres:16.4 -- Pulling image layers:  0 pending, 14 downloaded, 13 extracted, (146 MB/146 MB)
18:34:47.741 [docker-java-stream--2028942823] INFO tc.postgres:16.4 -- Pulling image layers:  0 pending, 14 downloaded, 14 extracted, (146 MB/146 MB)
18:34:47.746 [docker-java-stream--2028942823] INFO tc.postgres:16.4 -- Pull complete. 14 layers, pulled in 6s (downloaded 146 MB at 24 MB/s)
18:34:47.746 [main] INFO tc.postgres:16.4 -- Image postgres:16.4 pull took PT6.791071443S
18:34:47.750 [main] INFO tc.postgres:16.4 -- Creating container for image: postgres:16.4
18:34:47.766 [main] INFO tc.postgres:16.4 -- Container postgres:16.4 is starting: 4483669116c843f9130725f65f6938a1b300d229c8d01e840ce35d6c5f7c708b
18:34:48.843 [main] INFO tc.postgres:16.4 -- Container postgres:16.4 started in PT1.093297249S
18:34:48.844 [main] INFO tc.postgres:16.4 -- Container is started (JDBC URL: jdbc:postgresql://localhost:32769/test?loggerLevel=OFF)
]]></system-out>
  </testcase>
</testsuite>